<?xml version="1.0" encoding="UTF-8"?>
<!-- Generated by org.testng.reporters.JUnitXMLReporter -->
<testsuite hostname="Jeet" ignored="0" name="Test" tests="10" failures="1" timestamp="08 Nov 2019 02:26:23 GMT" time="0.058" errors="0">
  <testcase name="f" time="0.0" classname="selenium.Testing1"/>
  <testcase name="f" time="0.001" classname="selenium.Testing1"/>
  <testcase name="test1" time="0.0" classname="selenium.Testing1"/>
  <testcase name="test2" time="0.0" classname="selenium.Testing1"/>
  <testcase name="test3" time="0.0" classname="selenium.Testing1"/>
  <testcase name="test4" time="0.0" classname="selenium.Testing2"/>
  <testcase name="test5" time="0.0" classname="selenium.Testing2"/>
  <testcase name="homeTest" time="0.003" classname="selenium.Testing3"/>
  <testcase name="mainTest" time="0.002" classname="selenium.Testing3">
    <failure type="java.lang.AssertionError" message="The following asserts failed:
	Verifying Element expected [true] but found [false]">
      <![CDATA[java.lang.AssertionError: The following asserts failed:
Verifying Element expected [true] but found [false]
at selenium.Testing3.mainTest(Testing3.java:26)
... Removed 25 stack frames]]>
    </failure>
  </testcase> <!-- mainTest -->
  <testcase name="endTest" time="0.0" classname="selenium.Testing3">
    <skipped/>
  </testcase> <!-- endTest -->
</testsuite> <!-- Test -->
